29102022	21:24:03	6d2ef307-7a49-412e-87f8-4e4d14e7b8bf	GET	undefined	/sdf
29102022	21:24:03	0758d698-705c-40fe-b6d7-2125d6d01b22	GET	undefined	/css/style.css
29102022	21:31:57	29835a45-721b-4ab7-9a4b-ba0acc4e86d7	OPTIONS	https://www.google.com	/
29102022	21:31:57	f7bfeaee-47b6-4b87-9561-26a9dfc84666	GET	https://www.google.com	/
29102022	21:34:15	9ecd24b9-338e-4815-b825-9a98bf2e3efb	OPTIONS	https://www.google.com	/
29102022	21:34:15	4584a84c-127c-4237-a390-e02077b70987	GET	https://www.google.com	/
29102022	21:34:28	e8ad5321-d612-4103-b7af-79f021e2493f	OPTIONS	https://www.google.com	/
29102022	21:34:28	6cf64516-6f57-4e71-bbd5-dabe2cb3e7a8	GET	https://www.google.com	/
29102022	21:36:59	715064fa-699b-4ccf-988b-6e686f346091	OPTIONS	https://www.google.com	/
29102022	21:36:59	47003ee9-bf85-4e99-9bb6-af1ca6e742a4	GET	https://www.google.com	/
29102022	21:37:12	341c9233-7697-4d20-a1df-51d3eb53daa4	OPTIONS	https://www.google.com	/
29102022	21:37:12	445fbf6e-0d17-4686-b8bc-1c2f65bb0881	GET	https://www.google.com	/
29102022	21:37:23	170ca199-8502-4ebf-870a-27f8b5788249	GET	undefined	/hellsdfads
29102022	21:46:51	d585673c-4a09-4543-9d91-5308b82107c2	GET	undefined	/sdf
29102022	21:46:51	3e52dfd6-2374-4fcf-bb62-365f96fe3a81	GET	undefined	/css/style.css
29102022	21:59:07	0239950e-5059-4294-be6a-858c48fd32c7	GET	undefined	/sdf
29102022	21:59:22	25fa1934-7a14-47c8-9e4d-167223be4284	GET	undefined	/sdf
29102022	22:00:47	900b0005-8076-400e-8e35-038f44e2e298	GET	undefined	/sdf
29102022	22:00:47	8ac47e9b-3033-4c5a-b129-69d60da97f38	GET	undefined	/css/style.css
29102022	22:28:59	feb350e1-6544-4c78-a02c-20d79ff99334	GET	undefined	/subdir/
29102022	22:29:04	ae37e35c-ccbd-4552-9c9a-df39c17fbb21	GET	undefined	/subdir/test
29102022	22:29:10	289fe96d-6ddc-4756-b426-108399050ae0	GET	undefined	/subdir
29102022	22:29:31	9b5d8410-25f6-4e6a-86eb-7ca173190441	GET	undefined	/subdir
29102022	22:29:35	b5225fbe-11b3-435c-ac19-427c3bc51adc	GET	undefined	/subdir/test
29102022	22:31:16	df6c01b9-f444-48ae-9651-5073cdd56af8	GET	undefined	/subdir/test
29102022	22:31:17	2bb16990-2cb5-4a76-9c6c-1b0edd631c09	GET	undefined	/subdir/test
29102022	22:31:19	38d9ff9f-1c81-4ce9-9807-4d47200b5647	GET	undefined	/subdir
29102022	22:31:19	9622e2c1-ff03-43b8-b8e4-7b1b93ece117	GET	undefined	/subdir/
29102022	22:32:18	5f4e3ebf-405c-473c-960e-bd4d594e6ace	GET	undefined	/subdir/sdfgsdfg
29102022	22:32:18	cdcddd7f-f9f9-45e5-99bd-8ec390638968	GET	undefined	/subdir/css/style.css
29102022	22:32:26	d6f56c23-f17c-4fc0-8728-76dce5fc76ba	GET	undefined	/subdir/sdfgsdfg
29102022	22:32:26	3ff0c051-e5c1-4e4e-8599-47c94f455f80	GET	undefined	/subdir/css/style.css
29102022	22:32:30	c6656efc-dab0-4ca1-917a-2e6131af138f	GET	undefined	/subdir/sdfgsdfg
29102022	22:32:30	761eb2a0-f596-4674-84c9-66859ff5fae1	GET	undefined	/subdir/css/style.css
29102022	22:34:02	7623f0cc-1090-4496-8c0f-6a51c5541f5a	GET	undefined	/subdir/sdfgsdfg
29102022	22:34:03	09eae81e-51e1-455e-be24-44d8626cfe85	GET	undefined	/subdir/css/style.css
29102022	22:38:03	627de120-b701-40b4-a58d-c1c738cfcb6b	GET	undefined	/subdir/
29102022	22:38:05	8ef9f9f4-8896-471b-813c-e30e742b8241	GET	undefined	/
29102022	22:38:08	8d492d0f-4106-441a-b954-1df8b7e2baee	GET	undefined	/
29102022	22:38:33	f940cace-063b-49e7-a795-d61494dd3099	GET	undefined	/
29102022	22:39:02	13d93c81-1a38-49a2-bf5b-161d9879d741	GET	undefined	/
29102022	22:39:35	58211cdd-48c3-4974-ab92-f7c71da0a77c	GET	undefined	/
29102022	22:39:35	08cbaf21-1318-4bc9-9e2b-8187f850c4fa	GET	undefined	/css/style.css
29102022	22:40:41	d14a03fa-ec3a-4e92-a675-ac615d5a0325	GET	undefined	/subdir/
29102022	22:40:44	322e3dee-aed8-4068-8c03-ec4a5fa2de2d	GET	undefined	/subdir/asdf
29102022	22:40:44	58f52974-4e83-4f19-b2f1-94738c0b293e	GET	undefined	/subdir/asdf/
29102022	22:40:44	d18fc30c-ced3-4ed9-be60-7ab738719475	GET	undefined	/subdir/asdf/css/style.css
29102022	22:40:44	4491da46-d8e8-4779-9b0f-8168e80616b8	GET	undefined	/subdir/asdf/css/style.css/
29102022	22:40:56	097b104a-e5cd-4b63-993e-a09db4dab99e	GET	undefined	/subdir/asdf/
29102022	22:40:56	1825e0b6-9641-4b98-925a-e4c2296bae88	GET	undefined	/subdir/asdf/css/style.css/
29102022	22:41:04	6538461c-aa3c-416f-9399-af886318fa00	GET	undefined	/subdir/asdf/asdf
29102022	22:41:04	8a53d267-c015-41d6-8708-6034c448b8f8	GET	undefined	/subdir/asdf/css/style.css/
29102022	22:41:16	825dbe72-d41a-4bc5-829c-04e360ee8429	GET	undefined	/subdir/sadfads
29102022	22:41:16	874cea2c-98bc-41e8-9617-e43e6f984b07	GET	undefined	/subdir/css/style.css
29102022	22:41:24	cb4cf3c3-4d7f-455b-92cc-4490ba8b8350	GET	undefined	/subdir/sadfads
29102022	22:41:24	3170a259-858d-4dd6-b431-dfa71fbb9dcb	GET	undefined	/subdir/css/style.css
29102022	22:41:30	640202aa-f5b5-4524-b6e3-a65e48d07d83	GET	undefined	/subdir/sadfads
29102022	22:41:30	896f769f-5225-47c5-9e96-5ed9db450bf6	GET	undefined	/subdir/sadfads/
29102022	22:41:30	8935ca3d-b2cd-4172-9847-1b57797272ea	GET	undefined	/subdir/sadfads/css/style.css
29102022	22:41:30	15871a88-d677-413f-a452-7e496dd26912	GET	undefined	/subdir/sadfads/css/style.css/
29102022	22:44:32	bb1f7005-b12a-4ca6-b69b-5b9acfac3d92	GET	undefined	/subdir/sadfads/
29102022	22:44:32	58abb0d9-df7f-46e6-aac1-99a521280b35	GET	undefined	/subdir/sadfads/css/style.css/
29102022	22:57:01	ae7353c7-921b-430d-9df7-16f02f43f4ee	GET	undefined	/employees
29102022	22:57:34	cefe0382-a43f-4b70-9b74-bbba1401bbf4	GET	undefined	/employees
29102022	22:57:39	f50f7949-f960-4f91-a841-d2f2f6d50ed8	PUT	undefined	/employees
29102022	22:57:49	12a77527-e08c-4f2b-bb33-78b5f7c61d8d	GET	undefined	/employees
29102022	22:58:01	25475865-91c2-42a9-bb31-48cf41a34f17	PUT	undefined	/employees
29102022	22:58:07	186477eb-bcc5-45f1-bef3-b891d91aed3c	PUT	undefined	/employees
29102022	22:58:14	8b364e5b-8d27-4c00-825d-13eb2b7c244e	DELETE	undefined	/employees
29102022	22:58:47	b68d4134-3455-4c2c-855f-4c04704dc6e8	POST	undefined	/employees
29102022	22:59:05	32bae65c-2169-435e-9ea0-e1708683e1eb	POST	undefined	/employees/1
29102022	22:59:18	ad92577f-b416-41ca-9832-1d45f21648c9	GET	undefined	/employees/1
